<?xml version="1.0" encoding="UTF-8"?>
<!-- Generated by org.testng.reporters.JUnitXMLReporter -->
<testsuite ignored="0" hostname="DESKTOP-DJ4FDME" failures="0" tests="3" name="Default test" time="17.787" errors="0" timestamp="2023-10-31T06:47:36 IST">
  <testcase classname="org.wipro.automation.fb.testcases.LoginTestScenario_DDF" name="loginFunc" time="0.323"/>
  <testcase classname="org.wipro.automation.fb.testcases.LoginTestScenario_DDF" name="loginFunc" time="0.35"/>
  <testcase classname="org.wipro.automation.fb.testcases.LoginTestScenario_DDF" name="loginFunc" time="0.373"/>
</testsuite> <!-- Default test -->
