<?xml version="1.0" encoding="UTF-8"?>
<!-- Generated by org.testng.reporters.JUnitXMLReporter -->
<testsuite ignored="2" hostname="DESKTOP-DJ4FDME" failures="0" tests="2" name="Test" time="12.556" errors="0" timestamp="2023-10-28T06:16:22 IST">
  <testcase classname="org.xyz.automation.uo.KeyMouse" name="handleAlert" time="6.656"/>
  <testcase classname="org.xyz.automation.uo.KeyMouse" name="handleFrames" time="5.84"/>
  <testcase classname="org.xyz.automation.uo.KeyMouse" name="keyboardop" time="0.0">
    <ignored/>
  </testcase> <!-- keyboardop -->
  <testcase classname="org.xyz.automation.uo.KeyMouse" name="mouseop" time="0.0">
    <ignored/>
  </testcase> <!-- mouseop -->
</testsuite> <!-- Test -->
