<?xml version="1.0" encoding="UTF-8"?>
<testng-results ignored="0" total="3" passed="3" failed="0" skipped="0">
  <reporter-output>
  </reporter-output>
  <suite started-at="2023-10-31T06:47:18 IST" name="Default suite" finished-at="2023-10-31T06:47:36 IST" duration-ms="17787">
    <groups>
    </groups>
    <test started-at="2023-10-31T06:47:18 IST" name="Default test" finished-at="2023-10-31T06:47:36 IST" duration-ms="17787">
      <class name="org.wipro.automation.fb.testcases.LoginTestScenario_DDF">
        <test-method is-config="true" signature="launchBrowser()[pri:0, instance:org.wipro.automation.fb.testcases.LoginTestScenario_DDF@13fd2ccd]" started-at="2023-10-31T06:47:18 IST" name="launchBrowser" finished-at="2023-10-31T06:47:25 IST" duration-ms="6667" status="PASS">
          <reporter-output>
          </reporter-output>
        </test-method> <!-- launchBrowser -->
        <test-method signature="loginFunc(java.lang.String,java.lang.String)[pri:0, instance:org.wipro.automation.fb.testcases.LoginTestScenario_DDF@13fd2ccd]" started-at="2023-10-31T06:47:25 IST" name="loginFunc" data-provider="staticdata" finished-at="2023-10-31T06:47:25 IST" duration-ms="323" status="PASS">
          <params>
            <param index="0">
              <value>
                <![CDATA[user1]]>
              </value>
            </param>
            <param index="1">
              <value>
                <![CDATA[pass1]]>
              </value>
            </param>
          </params>
          <reporter-output>
          </reporter-output>
        </test-method> <!-- loginFunc -->
        <test-method is-config="true" signature="closeBrowser()[pri:0, instance:org.wipro.automation.fb.testcases.LoginTestScenario_DDF@13fd2ccd]" started-at="2023-10-31T06:47:25 IST" name="closeBrowser" finished-at="2023-10-31T06:47:25 IST" duration-ms="345" status="PASS">
          <reporter-output>
          </reporter-output>
        </test-method> <!-- closeBrowser -->
        <test-method is-config="true" signature="launchBrowser()[pri:0, instance:org.wipro.automation.fb.testcases.LoginTestScenario_DDF@13fd2ccd]" started-at="2023-10-31T06:47:25 IST" name="launchBrowser" finished-at="2023-10-31T06:47:30 IST" duration-ms="4642" status="PASS">
          <reporter-output>
          </reporter-output>
        </test-method> <!-- launchBrowser -->
        <test-method signature="loginFunc(java.lang.String,java.lang.String)[pri:0, instance:org.wipro.automation.fb.testcases.LoginTestScenario_DDF@13fd2ccd]" started-at="2023-10-31T06:47:30 IST" name="loginFunc" data-provider="staticdata" finished-at="2023-10-31T06:47:30 IST" duration-ms="350" status="PASS">
          <params>
            <param index="0">
              <value>
                <![CDATA[user2]]>
              </value>
            </param>
            <param index="1">
              <value>
                <![CDATA[pass2]]>
              </value>
            </param>
          </params>
          <reporter-output>
          </reporter-output>
        </test-method> <!-- loginFunc -->
        <test-method is-config="true" signature="closeBrowser()[pri:0, instance:org.wipro.automation.fb.testcases.LoginTestScenario_DDF@13fd2ccd]" started-at="2023-10-31T06:47:30 IST" name="closeBrowser" finished-at="2023-10-31T06:47:31 IST" duration-ms="229" status="PASS">
          <reporter-output>
          </reporter-output>
        </test-method> <!-- closeBrowser -->
        <test-method is-config="true" signature="launchBrowser()[pri:0, instance:org.wipro.automation.fb.testcases.LoginTestScenario_DDF@13fd2ccd]" started-at="2023-10-31T06:47:31 IST" name="launchBrowser" finished-at="2023-10-31T06:47:35 IST" duration-ms="4537" status="PASS">
          <reporter-output>
          </reporter-output>
        </test-method> <!-- launchBrowser -->
        <test-method signature="loginFunc(java.lang.String,java.lang.String)[pri:0, instance:org.wipro.automation.fb.testcases.LoginTestScenario_DDF@13fd2ccd]" started-at="2023-10-31T06:47:35 IST" name="loginFunc" data-provider="staticdata" finished-at="2023-10-31T06:47:36 IST" duration-ms="373" status="PASS">
          <params>
            <param index="0">
              <value>
                <![CDATA[user3]]>
              </value>
            </param>
            <param index="1">
              <value>
                <![CDATA[pass3]]>
              </value>
            </param>
          </params>
          <reporter-output>
          </reporter-output>
        </test-method> <!-- loginFunc -->
        <test-method is-config="true" signature="closeBrowser()[pri:0, instance:org.wipro.automation.fb.testcases.LoginTestScenario_DDF@13fd2ccd]" started-at="2023-10-31T06:47:36 IST" name="closeBrowser" finished-at="2023-10-31T06:47:36 IST" duration-ms="226" status="PASS">
          <reporter-output>
          </reporter-output>
        </test-method> <!-- closeBrowser -->
      </class> <!-- org.wipro.automation.fb.testcases.LoginTestScenario_DDF -->
    </test> <!-- Default test -->
  </suite> <!-- Default suite -->
</testng-results>
